  triangles.cpp
triangles.cpp(29): warning C4305: “初始化”: 从“double”到“GLfloat”截断
triangles.cpp(30): warning C4305: “初始化”: 从“double”到“GLfloat”截断
triangles.cpp(31): warning C4305: “初始化”: 从“double”到“GLfloat”截断
triangles.cpp(33): warning C4305: “初始化”: 从“double”到“GLfloat”截断
triangles.cpp(34): warning C4305: “初始化”: 从“double”到“GLfloat”截断
triangles.cpp(35): warning C4305: “初始化”: 从“double”到“GLfloat”截断
  正在生成代码
  已完成代码的生成
glew_static_vs2010.lib(glew.obj) : warning LNK4099: 未找到 PDB“vc100.pdb”(使用“glew_static_vs2010.lib(glew.obj)”或在“D:\myDevelop\TestCode\OpenGLGuide\Release\vc100.pdb”中寻找)；正在链接对象，如同没有调试信息一样
freeglut_static_vs2010.lib(freeglut_callbacks.obj) : warning LNK4099: 未找到 PDB“vc100.pdb”(使用“freeglut_static_vs2010.lib(freeglut_callbacks.obj)”或在“D:\myDevelop\TestCode\OpenGLGuide\Release\vc100.pdb”中寻找)；正在链接对象，如同没有调试信息一样
freeglut_static_vs2010.lib(freeglut_cursor.obj) : warning LNK4099: 未找到 PDB“vc100.pdb”(使用“freeglut_static_vs2010.lib(freeglut_cursor.obj)”或在“D:\myDevelop\TestCode\OpenGLGuide\Release\vc100.pdb”中寻找)；正在链接对象，如同没有调试信息一样
freeglut_static_vs2010.lib(freeglut_display.obj) : warning LNK4099: 未找到 PDB“vc100.pdb”(使用“freeglut_static_vs2010.lib(freeglut_display.obj)”或在“D:\myDevelop\TestCode\OpenGLGuide\Release\vc100.pdb”中寻找)；正在链接对象，如同没有调试信息一样
freeglut_static_vs2010.lib(freeglut_font.obj) : warning LNK4099: 未找到 PDB“vc100.pdb”(使用“freeglut_static_vs2010.lib(freeglut_font.obj)”或在“D:\myDevelop\TestCode\OpenGLGuide\Release\vc100.pdb”中寻找)；正在链接对象，如同没有调试信息一样
freeglut_static_vs2010.lib(freeglut_font_data.obj) : warning LNK4099: 未找到 PDB“vc100.pdb”(使用“freeglut_static_vs2010.lib(freeglut_font_data.obj)”或在“D:\myDevelop\TestCode\OpenGLGuide\Release\vc100.pdb”中寻找)；正在链接对象，如同没有调试信息一样
freeglut_static_vs2010.lib(freeglut_init.obj) : warning LNK4099: 未找到 PDB“vc100.pdb”(使用“freeglut_static_vs2010.lib(freeglut_init.obj)”或在“D:\myDevelop\TestCode\OpenGLGuide\Release\vc100.pdb”中寻找)；正在链接对象，如同没有调试信息一样
freeglut_static_vs2010.lib(freeglut_input_devices.obj) : warning LNK4099: 未找到 PDB“vc100.pdb”(使用“freeglut_static_vs2010.lib(freeglut_input_devices.obj)”或在“D:\myDevelop\TestCode\OpenGLGuide\Release\vc100.pdb”中寻找)；正在链接对象，如同没有调试信息一样
freeglut_static_vs2010.lib(freeglut_joystick.obj) : warning LNK4099: 未找到 PDB“vc100.pdb”(使用“freeglut_static_vs2010.lib(freeglut_joystick.obj)”或在“D:\myDevelop\TestCode\OpenGLGuide\Release\vc100.pdb”中寻找)；正在链接对象，如同没有调试信息一样
freeglut_static_vs2010.lib(freeglut_main.obj) : warning LNK4099: 未找到 PDB“vc100.pdb”(使用“freeglut_static_vs2010.lib(freeglut_main.obj)”或在“D:\myDevelop\TestCode\OpenGLGuide\Release\vc100.pdb”中寻找)；正在链接对象，如同没有调试信息一样
freeglut_static_vs2010.lib(freeglut_menu.obj) : warning LNK4099: 未找到 PDB“vc100.pdb”(使用“freeglut_static_vs2010.lib(freeglut_menu.obj)”或在“D:\myDevelop\TestCode\OpenGLGuide\Release\vc100.pdb”中寻找)；正在链接对象，如同没有调试信息一样
freeglut_static_vs2010.lib(freeglut_spaceball.obj) : warning LNK4099: 未找到 PDB“vc100.pdb”(使用“freeglut_static_vs2010.lib(freeglut_spaceball.obj)”或在“D:\myDevelop\TestCode\OpenGLGuide\Release\vc100.pdb”中寻找)；正在链接对象，如同没有调试信息一样
freeglut_static_vs2010.lib(freeglut_state.obj) : warning LNK4099: 未找到 PDB“vc100.pdb”(使用“freeglut_static_vs2010.lib(freeglut_state.obj)”或在“D:\myDevelop\TestCode\OpenGLGuide\Release\vc100.pdb”中寻找)；正在链接对象，如同没有调试信息一样
freeglut_static_vs2010.lib(freeglut_stroke_mono_roman.obj) : warning LNK4099: 未找到 PDB“vc100.pdb”(使用“freeglut_static_vs2010.lib(freeglut_stroke_mono_roman.obj)”或在“D:\myDevelop\TestCode\OpenGLGuide\Release\vc100.pdb”中寻找)；正在链接对象，如同没有调试信息一样
freeglut_static_vs2010.lib(freeglut_stroke_roman.obj) : warning LNK4099: 未找到 PDB“vc100.pdb”(使用“freeglut_static_vs2010.lib(freeglut_stroke_roman.obj)”或在“D:\myDevelop\TestCode\OpenGLGuide\Release\vc100.pdb”中寻找)；正在链接对象，如同没有调试信息一样
freeglut_static_vs2010.lib(freeglut_structure.obj) : warning LNK4099: 未找到 PDB“vc100.pdb”(使用“freeglut_static_vs2010.lib(freeglut_structure.obj)”或在“D:\myDevelop\TestCode\OpenGLGuide\Release\vc100.pdb”中寻找)；正在链接对象，如同没有调试信息一样
freeglut_static_vs2010.lib(freeglut_window.obj) : warning LNK4099: 未找到 PDB“vc100.pdb”(使用“freeglut_static_vs2010.lib(freeglut_window.obj)”或在“D:\myDevelop\TestCode\OpenGLGuide\Release\vc100.pdb”中寻找)；正在链接对象，如同没有调试信息一样
  OpenGLGuide.vcxproj -> D:\myDevelop\TestCode\OpenGLGuide\Release\OpenGLGuide.exe
