D:\MYDEVELOP\TESTCODE\数据结构学习\DEBUG\DM01_线性表基本结构.OBJ
D:\MYDEVELOP\TESTCODE\数据结构学习\DEBUG\LINKLIST.OBJ
D:\MYDEVELOP\TESTCODE\数据结构学习\DEBUG\SEQLIST.OBJ
D:\MYDEVELOP\TESTCODE\数据结构学习\DEBUG\VC110.PDB
D:\MYDEVELOP\TESTCODE\数据结构学习\DEBUG\CIRCLELIST.OBJ
D:\MYDEVELOP\TESTCODE\数据结构学习\DEBUG\DM02_栈的操作和应用.OBJ
D:\MYDEVELOP\TESTCODE\数据结构学习\DEBUG\LINKSTACK.OBJ
D:\MYDEVELOP\TESTCODE\数据结构学习\DEBUG\DM03_树的表示法.OBJ
D:\MYDEVELOP\TESTCODE\数据结构学习\DEBUG\DM04_模版类模拟数据结构.OBJ
D:\MYDEVELOP\TESTCODE\数据结构学习\DEBUG\SEQLINK.OBJ
D:\MYDEVELOP\TESTCODE\数据结构学习\DEBUG\数据结构学习.ILK
D:\MYDEVELOP\TESTCODE\数据结构学习\DEBUG\数据结构学习.EXE
D:\MYDEVELOP\TESTCODE\数据结构学习\DEBUG\数据结构学习.PDB
D:\myDevelop\TestCode\数据结构学习\Debug\CircleList.obj
D:\myDevelop\TestCode\数据结构学习\Debug\dm01_线性表基本结构.obj
D:\myDevelop\TestCode\数据结构学习\Debug\dm02_栈的操作和应用.obj
D:\myDevelop\TestCode\数据结构学习\Debug\dm03_树的表示法.obj
D:\myDevelop\TestCode\数据结构学习\Debug\dm04_模版类模拟数据结构.obj
D:\myDevelop\TestCode\数据结构学习\Debug\LinkList.obj
D:\myDevelop\TestCode\数据结构学习\Debug\LinkStack.obj
D:\myDevelop\TestCode\数据结构学习\Debug\SeqLink.obj
D:\myDevelop\TestCode\数据结构学习\Debug\SeqList.obj
D:\myDevelop\TestCode\数据结构学习\Debug\cl.command.1.tlog
D:\myDevelop\TestCode\数据结构学习\Debug\CL.read.1.tlog
D:\myDevelop\TestCode\数据结构学习\Debug\CL.write.1.tlog
D:\myDevelop\TestCode\数据结构学习\Debug\link-cvtres.read.1.tlog
D:\myDevelop\TestCode\数据结构学习\Debug\link-cvtres.write.1.tlog
D:\myDevelop\TestCode\数据结构学习\Debug\link-rc.read.1.tlog
D:\myDevelop\TestCode\数据结构学习\Debug\link-rc.write.1.tlog
D:\myDevelop\TestCode\数据结构学习\Debug\link.2256-cvtres.read.1.tlog
D:\myDevelop\TestCode\数据结构学习\Debug\link.2256-cvtres.write.1.tlog
D:\myDevelop\TestCode\数据结构学习\Debug\link.2256-rc.read.1.tlog
D:\myDevelop\TestCode\数据结构学习\Debug\link.2256-rc.write.1.tlog
D:\myDevelop\TestCode\数据结构学习\Debug\link.2256.read.1.tlog
D:\myDevelop\TestCode\数据结构学习\Debug\link.2256.write.1.tlog
D:\myDevelop\TestCode\数据结构学习\Debug\link.2604-cvtres.read.1.tlog
D:\myDevelop\TestCode\数据结构学习\Debug\link.2604-cvtres.write.1.tlog
D:\myDevelop\TestCode\数据结构学习\Debug\link.2604-rc.read.1.tlog
D:\myDevelop\TestCode\数据结构学习\Debug\link.2604-rc.write.1.tlog
D:\myDevelop\TestCode\数据结构学习\Debug\link.2604.read.1.tlog
D:\myDevelop\TestCode\数据结构学习\Debug\link.2604.write.1.tlog
D:\myDevelop\TestCode\数据结构学习\Debug\link.276-cvtres.read.1.tlog
D:\myDevelop\TestCode\数据结构学习\Debug\link.276-cvtres.write.1.tlog
D:\myDevelop\TestCode\数据结构学习\Debug\link.276-rc.read.1.tlog
D:\myDevelop\TestCode\数据结构学习\Debug\link.276-rc.write.1.tlog
D:\myDevelop\TestCode\数据结构学习\Debug\link.276.read.1.tlog
D:\myDevelop\TestCode\数据结构学习\Debug\link.276.write.1.tlog
D:\myDevelop\TestCode\数据结构学习\Debug\link.5960-cvtres.read.1.tlog
D:\myDevelop\TestCode\数据结构学习\Debug\link.5960-cvtres.write.1.tlog
D:\myDevelop\TestCode\数据结构学习\Debug\link.5960-rc.read.1.tlog
D:\myDevelop\TestCode\数据结构学习\Debug\link.5960-rc.write.1.tlog
D:\myDevelop\TestCode\数据结构学习\Debug\link.5960.read.1.tlog
D:\myDevelop\TestCode\数据结构学习\Debug\link.5960.write.1.tlog
D:\myDevelop\TestCode\数据结构学习\Debug\link.6828-cvtres.read.1.tlog
D:\myDevelop\TestCode\数据结构学习\Debug\link.6828-cvtres.write.1.tlog
D:\myDevelop\TestCode\数据结构学习\Debug\link.6828-rc.read.1.tlog
D:\myDevelop\TestCode\数据结构学习\Debug\link.6828-rc.write.1.tlog
D:\myDevelop\TestCode\数据结构学习\Debug\link.6828.read.1.tlog
D:\myDevelop\TestCode\数据结构学习\Debug\link.6828.write.1.tlog
D:\myDevelop\TestCode\数据结构学习\Debug\link.7432-cvtres.read.1.tlog
D:\myDevelop\TestCode\数据结构学习\Debug\link.7432-cvtres.write.1.tlog
D:\myDevelop\TestCode\数据结构学习\Debug\link.7432-rc.read.1.tlog
D:\myDevelop\TestCode\数据结构学习\Debug\link.7432-rc.write.1.tlog
D:\myDevelop\TestCode\数据结构学习\Debug\link.7432.read.1.tlog
D:\myDevelop\TestCode\数据结构学习\Debug\link.7432.write.1.tlog
D:\myDevelop\TestCode\数据结构学习\Debug\link.7836-cvtres.read.1.tlog
D:\myDevelop\TestCode\数据结构学习\Debug\link.7836-cvtres.write.1.tlog
D:\myDevelop\TestCode\数据结构学习\Debug\link.7836-rc.read.1.tlog
D:\myDevelop\TestCode\数据结构学习\Debug\link.7836-rc.write.1.tlog
D:\myDevelop\TestCode\数据结构学习\Debug\link.7836.read.1.tlog
D:\myDevelop\TestCode\数据结构学习\Debug\link.7836.write.1.tlog
D:\myDevelop\TestCode\数据结构学习\Debug\link.8116-cvtres.read.1.tlog
D:\myDevelop\TestCode\数据结构学习\Debug\link.8116-cvtres.write.1.tlog
D:\myDevelop\TestCode\数据结构学习\Debug\link.8116-rc.read.1.tlog
D:\myDevelop\TestCode\数据结构学习\Debug\link.8116-rc.write.1.tlog
D:\myDevelop\TestCode\数据结构学习\Debug\link.8116.read.1.tlog
D:\myDevelop\TestCode\数据结构学习\Debug\link.8116.write.1.tlog
D:\myDevelop\TestCode\数据结构学习\Debug\link.872-cvtres.read.1.tlog
D:\myDevelop\TestCode\数据结构学习\Debug\link.872-cvtres.write.1.tlog
D:\myDevelop\TestCode\数据结构学习\Debug\link.872-rc.read.1.tlog
D:\myDevelop\TestCode\数据结构学习\Debug\link.872-rc.write.1.tlog
D:\myDevelop\TestCode\数据结构学习\Debug\link.872.read.1.tlog
D:\myDevelop\TestCode\数据结构学习\Debug\link.872.write.1.tlog
D:\myDevelop\TestCode\数据结构学习\Debug\link.command.1.tlog
D:\myDevelop\TestCode\数据结构学习\Debug\link.read.1.tlog
D:\myDevelop\TestCode\数据结构学习\Debug\link.write.1.tlog
D:\myDevelop\TestCode\数据结构学习\Debug\vc110.idb
D:\myDevelop\TestCode\数据结构学习\Debug\vc110.pdb
D:\myDevelop\TestCode\数据结构学习\Debug\数据结构学习.pdb
